# JRE version: OpenJDK Runtime Environment Temurin-21.0.10+7 (21.0.10+7) (build 21.0.10+7-LTS)
# Java VM: OpenJDK 64-Bit Server VM Temurin-21.0.10+7 (21.0.10+7-LTS, mixed mode, sharing, tiered, compressed oops, compressed class ptrs, g1 gc, windows-amd64)
GC Precious Log:
 CardTable entry size: 512
 Card Set container configuration: InlinePtr #cards 5 size 8 Array Of Cards #cards 12 size 40 Howl #buckets 4 coarsen threshold 1843 Howl Bitmap #cards 512 size 80 coarsen threshold 460 Card regions per heap region 1 cards per card region 2048
 CPUs: 12 total, 12 available
 Memory: 5989M
 Large Page Support: Disabled
 NUMA Support: Disabled
 Compressed Oops: Enabled (32-bit)
 Heap Region Size: 1M
 Heap Min Capacity: 8M
 Heap Initial Capacity: 94M
 Heap Max Capacity: 2G
 Pre-touch: Disabled
 Parallel Workers: 10
 Concurrent Workers: 3
 Concurrent Refinement Workers: 10
 Periodic GC: Disabled
Heap:
 garbage-first heap   total 81920K, used 58974K [0x0000000080000000, 0x0000000100000000)
  region size 1024K, 28 young (28672K), 5 survivors (5120K)
 Metaspace       used 45457K, committed 47104K, reserved 1114112K
  class space    used 6633K, committed 7488K, reserved 1048576K
GC Heap History (18 events):
Event: 2.498 GC heap before
{Heap before GC invocations=0 (full 0):
 garbage-first heap   total 96256K, used 26624K [0x0000000080000000, 0x0000000100000000)
  region size 1024K, 23 young (23552K), 0 survivors (0K)
 Metaspace       used 3212K, committed 3328K, reserved 1114112K
  class space    used 415K, committed 448K, reserved 1048576K
}
Event: 2.512 GC heap after
{Heap after GC invocations=1 (full 0):
 garbage-first heap   total 96256K, used 10800K [0x0000000080000000, 0x0000000100000000)
  region size 1024K, 3 young (3072K), 3 survivors (3072K)
 Metaspace       used 3212K, committed 3328K, reserved 1114112K
  class space    used 415K, committed 448K, reserved 1048576K
}
Event: 4.484 GC heap before
{Heap before GC invocations=1 (full 0):
 garbage-first heap   total 96256K, used 38448K [0x0000000080000000, 0x0000000100000000)
  region size 1024K, 30 young (30720K), 3 survivors (3072K)
 Metaspace       used 4127K, committed 4352K, reserved 1114112K
  class space    used 514K, committed 640K, reserved 1048576K
}
Event: 4.494 GC heap after
{Heap after GC invocations=2 (full 0):
 garbage-first heap   total 96256K, used 12331K [0x0000000080000000, 0x0000000100000000)
  region size 1024K, 2 young (2048K), 2 survivors (2048K)
 Metaspace       used 4127K, committed 4352K, reserved 1114112K
  class space    used 514K, committed 640K, reserved 1048576K
}
Event: 9.516 GC heap before
{Heap before GC invocations=2 (full 0):
 garbage-first heap   total 96256K, used 67627K [0x0000000080000000, 0x0000000100000000)
  region size 1024K, 56 young (57344K), 2 survivors (2048K)
 Metaspace       used 14201K, committed 14592K, reserved 1114112K
  class space    used 1997K, committed 2176K, reserved 1048576K
}
Event: 9.528 GC heap after
{Heap after GC invocations=3 (full 0):
 garbage-first heap   total 96256K, used 20365K [0x0000000080000000, 0x0000000100000000)
  region size 1024K, 7 young (7168K), 7 survivors (7168K)
 Metaspace       used 14201K, committed 14592K, reserved 1114112K
  class space    used 1997K, committed 2176K, reserved 1048576K
}
Event: 12.928 GC heap before
{Heap before GC invocations=3 (full 0):
 garbage-first heap   total 96256K, used 67469K [0x0000000080000000, 0x0000000100000000)
  region size 1024K, 54 young (55296K), 7 survivors (7168K)
 Metaspace       used 20826K, committed 21504K, reserved 1114112K
  class space    used 3097K, committed 3392K, reserved 1048576K
}
Event: 12.940 GC heap after
{Heap after GC invocations=4 (full 0):
 garbage-first heap   total 96256K, used 24000K [0x0000000080000000, 0x0000000100000000)
  region size 1024K, 4 young (4096K), 4 survivors (4096K)
 Metaspace       used 20826K, committed 21504K, reserved 1114112K
  class space    used 3097K, committed 3392K, reserved 1048576K
}
Event: 16.310 GC heap before
{Heap before GC invocations=5 (full 0):
 garbage-first heap   total 81920K, used 69056K [0x0000000080000000, 0x0000000100000000)
  region size 1024K, 48 young (49152K), 4 survivors (4096K)
 Metaspace       used 26476K, committed 27584K, reserved 1114112K
  class space    used 4046K, committed 4608K, reserved 1048576K
}
Event: 16.318 GC heap after
{Heap after GC invocations=6 (full 0):
 garbage-first heap   total 81920K, used 26423K [0x0000000080000000, 0x0000000100000000)
  region size 1024K, 6 young (6144K), 6 survivors (6144K)
 Metaspace       used 26476K, committed 27584K, reserved 1114112K
  class space    used 4046K, committed 4608K, reserved 1048576K
}
Event: 19.746 GC heap before
{Heap before GC invocations=6 (full 0):
 garbage-first heap   total 81920K, used 66359K [0x0000000080000000, 0x0000000100000000)
  region size 1024K, 46 young (47104K), 6 survivors (6144K)
 Metaspace       used 33964K, committed 35200K, reserved 1114112K
  class space    used 4945K, committed 5568K, reserved 1048576K
}
Event: 19.757 GC heap after
{Heap after GC invocations=7 (full 0):
 garbage-first heap   total 81920K, used 30136K [0x0000000080000000, 0x0000000100000000)
  region size 1024K, 6 young (6144K), 6 survivors (6144K)
 Metaspace       used 33964K, committed 35200K, reserved 1114112K
  class space    used 4945K, committed 5568K, reserved 1048576K
}
Event: 20.582 GC heap before
{Heap before GC invocations=7 (full 0):
 garbage-first heap   total 81920K, used 52664K [0x0000000080000000, 0x0000000100000000)
  region size 1024K, 25 young (25600K), 6 survivors (6144K)
 Metaspace       used 34963K, committed 36160K, reserved 1114112K
  class space    used 4991K, committed 5568K, reserved 1048576K
}
Event: 20.591 GC heap after
{Heap after GC invocations=8 (full 0):
 garbage-first heap   total 81920K, used 32292K [0x0000000080000000, 0x0000000100000000)
  region size 1024K, 3 young (3072K), 3 survivors (3072K)
 Metaspace       used 34963K, committed 36160K, reserved 1114112K
  class space    used 4991K, committed 5568K, reserved 1048576K
}
Event: 23.329 GC heap before
{Heap before GC invocations=9 (full 0):
 garbage-first heap   total 81920K, used 70180K [0x0000000080000000, 0x0000000100000000)
  region size 1024K, 38 young (38912K), 3 survivors (3072K)
 Metaspace       used 38484K, committed 39872K, reserved 1114112K
  class space    used 5489K, committed 6144K, reserved 1048576K
}
Event: 23.335 GC heap after
{Heap after GC invocations=10 (full 0):
 garbage-first heap   total 81920K, used 34382K [0x0000000080000000, 0x0000000100000000)
  region size 1024K, 5 young (5120K), 5 survivors (5120K)
 Metaspace       used 38484K, committed 39872K, reserved 1114112K
  class space    used 5489K, committed 6144K, reserved 1048576K
}
Event: 27.931 GC heap before
{Heap before GC invocations=10 (full 0):
 garbage-first heap   total 81920K, used 70222K [0x0000000080000000, 0x0000000100000000)
  region size 1024K, 40 young (40960K), 5 survivors (5120K)
 Metaspace       used 42666K, committed 44096K, reserved 1114112K
  class space    used 6206K, committed 6912K, reserved 1048576K
}
Event: 27.939 GC heap after
{Heap after GC invocations=11 (full 0):
 garbage-first heap   total 81920K, used 36446K [0x0000000080000000, 0x0000000100000000)
  region size 1024K, 5 young (5120K), 5 survivors (5120K)
 Metaspace       used 42666K, committed 44096K, reserved 1114112K
  class space    used 6206K, committed 6912K, reserved 1048576K
}

